19:15:12 **** Incremental Build of configuration Debug for project Security_System_1 ****
"C:\\Users\\lucab\\ModusToolbox\\tools_3.2\\modus-shell\\bin\\make" CY_MAKE_IDE=eclipse CY_IDE_TOOLS_DIR=C:/Users/lucab/ModusToolbox/tools_3.2 CY_IDE_BT_TOOLS_DIR= -j8 --output-sync all 
Tools Directory: C:/Users/lucab/ModusToolbox/tools_3.2
Searching installed tools in progress...
Searching installed tools complete


Initializing build: mtb-example-wifi-mqtt-client Debug APP_CY8CPROTO-062-4343W GCC_ARM

Prebuild operations complete

Auto-discovery in progress...
Auto-discovery complete
Commencing build operations...

Tools Directory: C:/Users/lucab/ModusToolbox/tools_3.2

Constructing build rules...
Build rules construction complete

==============================================================================
= Building application =
==============================================================================
Generating compilation database file...
-> ./build/compile_commands.json
Compilation database file generation complete
Building 545 file(s)
Compiling source/main.c -DCOMPONENT_4343W -DCOMPONENT_APP_CY8CPROTO_062_4343W -DCOMPONENT_CAT1 -DCOMPONENT_CAT1A -DCOMPONENT_CM0P_SLEEP -DCOMPONENT_CM4 -DCOMPONENT_CM4_0 -DCOMPONENT_Debug -DCOMPONENT_FREERTOS -DCOMPONENT_GCC_ARM -DCOMPONENT_HCI_UART -DCOMPONENT_LWIP -DCOMPONENT_MBEDTLS -DCOMPONENT_MURATA_1DX -DCOMPONENT_MW_ABSTRACTION_RTOS -DCOMPONENT_MW_AWS_IOT_DEVICE_SDK_EMBEDDED_C -DCOMPONENT_MW_AWS_IOT_DEVICE_SDK_PORT -DCOMPONENT_MW_CAPSENSE -DCOMPONENT_MW_CAT1CM0P -DCOMPONENT_MW_CLIB_SUPPORT -DCOMPONENT_MW_CMSIS -DCOMPONENT_MW_CONNECTIVITY_UTILITIES -DCOMPONENT_MW_CORE_LIB -DCOMPONENT_MW_CORE_MAKE -DCOMPONENT_MW_CY_MBEDTLS_ACCELERATION -DCOMPONENT_MW_FREERTOS -DCOMPONENT_MW_LWIP -DCOMPONENT_MW_LWIP_FREERTOS_INTEGRATION -DCOMPONENT_MW_LWIP_NETWORK_INTERFACE_INTEGRATION -DCOMPONENT_MW_MBEDTLS -DCOMPONENT_MW_MQTT -DCOMPONENT_MW_MTB_HAL_CAT1 -DCOMPONENT_MW_MTB_PDL_CAT1 -DCOMPONENT_MW_RECIPE_MAKE_CAT1A -DCOMPONENT_MW_RETARGET_IO -DCOMPONENT_MW_SECURE_SOCKETS -DCOMPONENT_MW_SERIAL_FLASH -DCOMPONENT_MW_THERMISTOR -DCOMPONENT_MW_WHD_BSP_INTEGRATION -DCOMPONENT_MW_WIFI_CONNECTION_MANAGER -DCOMPONENT_MW_WIFI_CORE_FREERTOS_LWIP_MBEDTLS -DCOMPONENT_MW_WIFI_HOST_DRIVER -DCOMPONENT_MW_WIFI_RESOURCES -DCOMPONENT_MW_WPA3_EXTERNAL_SUPPLICANT -DCOMPONENT_PSOC6_02 -DCOMPONENT_RTOS_AWARE -DCOMPONENT_SECURE_SOCKETS -DCOMPONENT_SOFTFP -DCOMPONENT_WIFI5 -DCOMPONENT_WIFI_INTERFACE_SDIO -DCORE_NAME_CM4_0=1 -DCY8C624ABZI_S2D44 -DCYBSP_WIFI_CAPABLE -DCY_APPNAME_mtb_example_wifi_mqtt_client -DCY_DISABLE_XMC7000_DATA_CACHE -DCY_RETARGET_IO_CONVERT_LF_TO_CRLF -DCY_RTOS_AWARE -DCY_SUPPORTS_DEVICE_VALIDATION -DCY_TARGET_BOARD=APP_CY8CPROTO_062_4343W -DCY_USING_HAL -DCY_WIFI_HOST_WAKE_SW_FORCE=0 -DDEBUG -DMBEDTLS_USER_CONFIG_FILE='"mbedtls_user_config.h"' -DMQTT_MAX_CONNACK_RECEIVE_RETRY_COUNT=2 -DMQTT_PINGRESP_TIMEOUT_MS=5000 -DTARGET_APP_CY8CPROTO_062_4343W -I./configs -I./configs/COMPONENT_ -Ibsps/TARGET_APP_CY8CPROTO-062-4343W -Ibsps -I. -Ibsps/TARGET_APP_CY8CPROTO-062-4343W/bluetooth -Ibsps/TARGET_APP_CY8CPROTO-062-4343W/config/GeneratedSource -Ibsps/TARGET_APP_CY8CPROTO-062-4343W/config -Iconfigs -Iconfigs/COMPONENT_CM4 -Isource -I../mtb_shared/capsense/release-v5.0.0 -I../mtb_shared/mqtt/release-v4.6.0/include -I../mtb_shared/mqtt/release-v4.6.0 -I../mtb_shared/retarget-io/release-v1.6.0/include -I../mtb_shared/retarget-io/release-v1.6.0 -I../mtb_shared/serial-flash/release-v1.4.2 -I../mtb_shared/thermistor/release-v2.1.0 -I../mtb_shared/wifi-core-freertos-lwip-mbedtls/release-v2.1.0/configs -I../mtb_shared/wifi-core-freertos-lwip-mbedtls/release-v2.1.0 -I../mtb_shared/abstraction-rtos/release-v1.8.2/include -I../mtb_shared/abstraction-rtos/release-v1.8.2 -I../mtb_shared/abstraction-rtos/release-v1.8.2/include/COMPONENT_FREERTOS -I../mtb_shared/aws-iot-device-sdk-embedded-C/202103.00/libraries/aws/ota-for-aws-iot-embedded-sdk/source/dependency/3rdparty/tinycbor/src -I../mtb_shared/aws-iot-device-sdk-embedded-C/202103.00/libraries/aws/ota-for-aws-iot-embedded-sdk/source/dependency/3rdparty/tinycbor -I../mtb_shared/aws-iot-device-sdk-embedded-C/202103.00/libraries/aws/ota-for-aws-iot-embedded-sdk/source/dependency/3rdparty -I../mtb_shared/aws-iot-device-sdk-embedded-C/202103.00/libraries/aws/ota-for-aws-iot-embedded-sdk/source/dependency -I../mtb_shared/aws-iot-device-sdk-embedded-C/202103.00/libraries/aws/ota-for-aws-iot-embedded-sdk/source -I../mtb_shared/aws-iot-device-sdk-embedded-C/202103.00/libraries/aws/ota-for-aws-iot-embedded-sdk -I../mtb_shared/aws-iot-device-sdk-embedded-C/202103.00/libraries/aws -I../mtb_shared/aws-iot-device-sdk-embedded-C/202103.00/libraries -I../mtb_shared/aws-iot-device-sdk-embedded-C/202103.00 -I../mtb_shared/aws-iot-device-sdk-embedded-C/202103.00/libraries/aws/ota-for-aws-iot-embedded-sdk/source/include -I../mtb_shared/aws-iot-device-sdk-embedded-C/202103.00/libraries/standard/backoffAlgorithm/source/include -I../mtb_shared/aws-iot-device-sdk-embedded-C/202103.00/libraries/standard/backoffAlgorithm/source -I../mtb_shared/aws-iot-device-sdk-embedded-C/202103.00/libraries/standard/backoffAlgorithm -I../mtb_shared/aws-iot-device-sdk-embedded-C/202103.00/libraries/standard -I../mtb_shared/aws-iot-device-sdk-embedded-C/202103.00/libraries/standard/coreJSON/source/include -I../mtb_shared/aws-iot-device-sdk-embedded-C/202103.00/libraries/standard/coreJSON/source -I../mtb_shared/aws-iot-device-sdk-embedded-C/202103.00/libraries/standard/coreJSON -I../mtb_shared/aws-iot-device-sdk-embedded-C/202103.00/libraries/standard/coreMQTT/source/include -I../mtb_shared/aws-iot-device-sdk-embedded-C/202103.00/libraries/standard/coreMQTT/source -I../mtb_shared/aws-iot-device-sdk-embedded-C/202103.00/libraries/standard/coreMQTT -I../mtb_shared/aws-iot-device-sdk-embedded-C/202103.00/libraries/standard/coreMQTT/source/interface -I../mtb_shared/aws-iot-device-sdk-embedded-C/202103.00/libraries/standard/corePKCS11/source/dependency/3rdparty/mbedtls_utils -I../mtb_shared/aws-iot-device-sdk-embedded-C/202103.00/libraries/standard/corePKCS11/source/dependency/3rdparty -I../mtb_shared/aws-iot-device-sdk-embedded-C/202103.00/libraries/standard/corePKCS11/source/dependency -I../mtb_shared/aws-iot-device-sdk-embedded-C/202103.00/libraries/standard/corePKCS11/source -I../mtb_shared/aws-iot-device-sdk-embedded-C/202103.00/libraries/standard/corePKCS11 -I../mtb_shared/aws-iot-device-sdk-embedded-C/202103.00/libraries/standard/corePKCS11/source/dependency/3rdparty/pkcs11 -I../mtb_shared/aws-iot-device-sdk-embedded-C/202103.00/libraries/standard/corePKCS11/source/include -I../mtb_shared/aws-iot-device-sdk-embedded-C/202103.00/platform/include -I../mtb_shared/aws-iot-device-sdk-embedded-C/202103.00/platform -I../mtb_shared/aws-iot-device-sdk-port/release-v2.5.0/configs -I../mtb_shared/aws-iot-device-sdk-port/release-v2.5.0 -I../mtb_shared/aws-iot-device-sdk-port/release-v2.5.0/include -I../mtb_shared/aws-iot-device-sdk-port/release-v2.5.0/source/include -I../mtb_shared/aws-iot-device-sdk-port/release-v2.5.0/source -I../mtb_shared/aws-iot-device-sdk-port/release-v2.5.0/source/ota -I../mtb_shared/aws-iot-device-sdk-port/release-v2.5.0/source/ota/COMPONENT_MBEDTLS/include -I../mtb_shared/aws-iot-device-sdk-port/release-v2.5.0/source/ota/COMPONENT_MBEDTLS -I../mtb_shared/cat1cm0p/release-v1.7.0/COMPONENT_CAT1A -I../mtb_shared/cat1cm0p/release-v1.7.0 -I../mtb_shared/clib-support/release-v1.5.0 -I../mtb_shared/clib-support/release-v1.5.0/TOOLCHAIN_GCC_ARM -I../mtb_shared/cmsis/release-v5.8.1/Core/Include -I../mtb_shared/cmsis/release-v5.8.1/Core -I../mtb_shared/cmsis/release-v5.8.1 -I../mtb_shared/connectivity-utilities/release-v4.5.0 -I../mtb_shared/connectivity-utilities/release-v4.5.0/cy_log -I../mtb_shared/connectivity-utilities/release-v4.5.0/cy_string -I../mtb_shared/connectivity-utilities/release-v4.5.0/JSON_parser -I../mtb_shared/connectivity-utilities/release-v4.5.0/linked_list -I../mtb_shared/connectivity-utilities/release-v4.5.0/network -I../mtb_shared/core-lib/release-v1.4.2/include -I../mtb_shared/core-lib/release-v1.4.2 -I../mtb_shared/cy-mbedtls-acceleration/release-v2.4.0 -I../mtb_shared/cy-mbedtls-acceleration/release-v2.4.0/COMPONENT_CAT1/include -I../mtb_shared/cy-mbedtls-acceleration/release-v2.4.0/COMPONENT_CAT1 -I../mtb_shared/cy-mbedtls-acceleration/release-v2.4.0/COMPONENT_CAT1/mbedtls_MXCRYPTO -I../mtb_shared/cy-mbedtls-acceleration/release-v2.4.0/COMPONENT_CAT1/mbedtls_MXCRYPTOLITE -I../mtb_shared/freertos/release-v10.5.002/Source/include -I../mtb_shared/freertos/release-v10.5.002/Source -I../mtb_shared/freertos/release-v10.5.002 -I../mtb_shared/freertos/release-v10.5.002/Source/portable/COMPONENT_CM4 -I../mtb_shared/freertos/release-v10.5.002/Source/portable -I../mtb_shared/freertos/release-v10.5.002/Source/portable/COMPONENT_CM4/TOOLCHAIN_GCC_ARM -I../mtb_shared/lwip-freertos-integration/release-v1.0.0/arch -I../mtb_shared/lwip-freertos-integration/release-v1.0.0 -I../mtb_shared/lwip-network-interface-integration/release-v1.4.1/include -I../mtb_shared/lwip-network-interface-integration/release-v1.4.1 -I../mtb_shared/lwip-network-interface-integration/release-v1.4.1/source -I../mtb_shared/lwip/STABLE-2_1_2_RELEASE/src/include/compat/posix -I../mtb_shared/lwip/STABLE-2_1_2_RELEASE/src/include/compat -I../mtb_shared/lwip/STABLE-2_1_2_RELEASE/src/include -I../mtb_shared/lwip/STABLE-2_1_2_RELEASE/src -I../mtb_shared/lwip/STABLE-2_1_2_RELEASE -I../mtb_shared/lwip/STABLE-2_1_2_RELEASE/src/include/compat/posix/arpa -I../mtb_shared/lwip/STABLE-2_1_2_RELEASE/src/include/compat/posix/net -I../mtb_shared/lwip/STABLE-2_1_2_RELEASE/src/include/compat/posix/sys -I../mtb_shared/lwip/STABLE-2_1_2_RELEASE/src/include/compat/stdc -I../mtb_shared/lwip/STABLE-2_1_2_RELEASE/src/include/lwip -I../mtb_shared/lwip/STABLE-2_1_2_RELEASE/src/include/lwip/apps -I../mtb_shared/lwip/STABLE-2_1_2_RELEASE/src/include/lwip/priv -I../mtb_shared/lwip/STABLE-2_1_2_RELEASE/src/include/lwip/prot -I../mtb_shared/lwip/STABLE-2_1_2_RELEASE/src/include/netif -I../mtb_shared/lwip/STABLE-2_1_2_RELEASE/src/include/netif/ppp -I../mtb_shared/lwip/STABLE-2_1_2_RELEASE/src/include/netif/ppp/polarssl -I../mtb_shared/mbedtls/mbedtls-3.4.0/include/mbedtls -I../mtb_shared/mbedtls/mbedtls-3.4.0/include -I../mtb_shared/mbedtls/mbedtls-3.4.0 -I../mtb_shared/mbedtls/mbedtls-3.4.0/include/psa -I../mtb_shared/mbedtls/mbedtls-3.4.0/library -I../mtb_shared/mtb-hal-cat1/release-v2.6.1/COMPONENT_CAT1A/include/pin_packages -I../mtb_shared/mtb-hal-cat1/release-v2.6.1/COMPONENT_CAT1A/include -I../mtb_shared/mtb-hal-cat1/release-v2.6.1/COMPONENT_CAT1A -I../mtb_shared/mtb-hal-cat1/release-v2.6.1 -I../mtb_shared/mtb-hal-cat1/release-v2.6.1/COMPONENT_CAT1A/include/triggers -I../mtb_shared/mtb-hal-cat1/release-v2.6.1/include -I../mtb_shared/mtb-hal-cat1/release-v2.6.1/include_pvt -I../mtb_shared/mtb-hal-cat1/release-v2.6.1/source -I../mtb_shared/mtb-pdl-cat1/release-v3.12.0/devices/COMPONENT_CAT1A/include -I../mtb_shared/mtb-pdl-cat1/release-v3.12.0/devices/COMPONENT_CAT1A -I../mtb_shared/mtb-pdl-cat1/release-v3.12.0/devices -I../mtb_shared/mtb-pdl-cat1/release-v3.12.0 -I../mtb_shared/mtb-pdl-cat1/release-v3.12.0/devices/COMPONENT_CAT1A/include/ip -I../mtb_shared/mtb-pdl-cat1/release-v3.12.0/drivers/include -I../mtb_shared/mtb-pdl-cat1/release-v3.12.0/drivers -I../mtb_shared/mtb-pdl-cat1/release-v3.12.0/drivers/third_party/ethernet/include -I../mtb_shared/mtb-pdl-cat1/release-v3.12.0/drivers/third_party/ethernet -I../mtb_shared/mtb-pdl-cat1/release-v3.12.0/drivers/third_party -I../mtb_shared/secure-sockets/release-v3.7.0/include -I../mtb_shared/secure-sockets/release-v3.7.0 -I../mtb_shared/secure-sockets/release-v3.7.0/include/COMPONENT_FREERTOS -I../mtb_shared/secure-sockets/release-v3.7.0/source -I../mtb_shared/secure-sockets/release-v3.7.0/source/COMPONENT_MBEDTLS/include -I../mtb_shared/secure-sockets/release-v3.7.0/source/COMPONENT_MBEDTLS -I../mtb_shared/whd-bsp-integration/release-v2.3.0 -I../mtb_shared/wifi-connection-manager/release-v3.5.0/include -I../mtb_shared/wifi-connection-manager/release-v3.5.0 -I../mtb_shared/wifi-connection-manager/release-v3.5.0/source/COMPONENT_4343W -I../mtb_shared/wifi-connection-manager/release-v3.5.0/source -I../mtb_shared/wifi-connection-manager/release-v3.5.0/source/COMPONENT_MBEDTLS -I../mtb_shared/wifi-host-driver/release-v4.1.1/WHD/COMPONENT_WIFI5/inc -I../mtb_shared/wifi-host-driver/release-v4.1.1/WHD/COMPONENT_WIFI5 -I../mtb_shared/wifi-host-driver/release-v4.1.1/WHD -I../mtb_shared/wifi-host-driver/release-v4.1.1 -I../mtb_shared/wifi-host-driver/release-v4.1.1/WHD/COMPONENT_WIFI5/resources/firmware/COMPONENT_4343W -I../mtb_shared/wifi-host-driver/release-v4.1.1/WHD/COMPONENT_WIFI5/resources/firmware -I../mtb_shared/wifi-host-driver/release-v4.1.1/WHD/COMPONENT_WIFI5/resources -I../mtb_shared/wifi-host-driver/release-v4.1.1/WHD/COMPONENT_WIFI5/resources/resource_imp -I../mtb_shared/wifi-host-driver/release-v4.1.1/WHD/COMPONENT_WIFI5/src/bus_protocols -I../mtb_shared/wifi-host-driver/release-v4.1.1/WHD/COMPONENT_WIFI5/src -I../mtb_shared/wifi-host-driver/release-v4.1.1/WHD/COMPONENT_WIFI5/src/include -I../mtb_shared/wifi-resources/release-v1.0.0/clm/COMPONENT_4343W -I../mtb_shared/wifi-resources/release-v1.0.0/clm -I../mtb_shared/wifi-resources/release-v1.0.0 -I../mtb_shared/wifi-resources/release-v1.0.0/nvram/COMPONENT_4343W/COMPONENT_MURATA-1DX -I../mtb_shared/wifi-resources/release-v1.0.0/nvram/COMPONENT_4343W -I../mtb_shared/wifi-resources/release-v1.0.0/nvram -I../mtb_shared/wpa3-external-supplicant/release-v1.2.1/include -I../mtb_shared/wpa3-external-supplicant/release-v1.2.1 
source/main.c: In function 'lock_task':
source/main.c:147:13: warning: variable 'value' set but not used [-Wunused-but-set-variable]
  147 |         int value = 0;
      |             ^~~~~
source/main.c: In function 'buttonTask':
source/main.c:218:17: warning: implicit declaration of function 'PublishMessage' [-Wimplicit-function-declaration]
  218 |                 PublishMessage( data, topic);
      |                 ^~~~~~~~~~~~~~
source/main.c: In function 'thermistorTask':
source/main.c:348:13: warning: unused variable 'value' [-Wunused-variable]
  348 |         int value = 0;
      |             ^~~~~
    Linking output file mtb-example-wifi-mqtt-client.elf
C:/Users/lucab/ModusToolbox/tools_3.2/gcc/bin/arm-none-eabi-objcopy -O ihex C:/Security_system/Security_System_1/build/APP_CY8CPROTO-062-4343W/Debug/mtb-example-wifi-mqtt-client.elf C:/Security_system/Security_System_1/build/APP_CY8CPROTO-062-4343W/Debug/mtb-example-wifi-mqtt-client.hex
==============================================================================
= Build complete =
==============================================================================

Calculating memory consumption: CY8C624ABZI-S2D44 GCC_ARM

   ---------------------------------------------------- 
  | Section Name         |  Address      |  Size       | 
   ---------------------------------------------------- 
  | .cy_m0p_image        |  0x10000000   |  6352       | 
  | .text                |  0x10002000   |  911064     | 
  | .ARM.exidx           |  0x100e06d8   |  8          | 
  | .copy.table          |  0x100e06e0   |  24         | 
  | .zero.table          |  0x100e06f8   |  8          | 
  | .data                |  0x080022e0   |  2192       | 
  | .cy_sharedmem        |  0x08002b70   |  8          | 
  | .noinit              |  0x08002b78   |  228        | 
  | .bss                 |  0x08002c60   |  61300      | 
  | .heap                |  0x08011bd8   |  969768     | 
   ---------------------------------------------------- 

  Total Internal Flash (Available)          2097152    
  Total Internal Flash (Utilized)           921504     



19:15:19 Build Finished. 0 errors, 3 warnings. (took 6s.780ms)

